1246007579 eb61eebd sequence 1
1246007592 eb61eebd sequence 2
1246007595 d54880f0 steg 1
1246007748 2f509be5 sequence 1
1246007777 5d074b3d sequence 1
1246007795 d54880f0 bletchley 50
1246007799 5d074b3d sequence 2
1246007802 d54880f0 sequence 1
1246007803 eb61eebd steg 1
1246007816 5d074b3d sequence 8
1246007829 5d074b3d sequence 16
1246007830 d54880f0 sequence 2
1246007854 5d074b3d sequence 19
1246007865 5d074b3d sequence 25
1246007884 5d074b3d sequence 35
1246007884 d54880f0 sequence 8
1246007904 5d074b3d sequence 50
1246007913 2f509be5 sequence 2
1246007934 eb61eebd sequence 100
1246007935 eb61eebd pwnables 1
1246007939 2f509be5 sequence 8
1246007956 2f509be5 sequence 16
1246007958 5d074b3d steg 2
1246007964 eb61eebd sequence 16
1246007970 2f509be5 sequence 19
1246007986 eb61eebd sequence 19
1246007996 d54880f0 pwnables 1
1246008000 2f509be5 sequence 25
1246008003 eb61eebd sequence 25
1246008011 2f509be5 sequence 35
1246008020 d54880f0 pwnables 1
1246008028 2f509be5 sequence 50
1246008035 d54880f0 sequence 16
1246008046 2f509be5 sequence 100
1246008054 eb61eebd sequence 8
1246008056 d54880f0 sequence 19
1246008056 2f509be5 sequence 200
1246008064 d54880f0 pwnables 1
1246008078 5d074b3d sequence 100
1246008097 eb61eebd netre 1
1246008103 eb61eebd sequence 50
1246008114 eb61eebd sequence 200
1246008116 5d074b3d sequence 200
1246008118 d54880f0 netre 1
1246008123 d54880f0 sequence 25
1246008124 2f509be5 netre 1
1246008153 d54880f0 sequence 35
1246008168 5d074b3d netre 2
1246008172 d54880f0 sequence 50
1246008172 d54880f0 netre 2
1246008184 5d074b3d bletchley 50
1246008197 eb61eebd netre 2
1246008212 eb61eebd pwnables 1
1246008218 2f509be5 netre 2
1246008246 eb61eebd pwnables 1
1246008278 eb61eebd netre 3
1246008358 d54880f0 pwnables 1
1246008366 d54880f0 sequence 100
1246008385 d54880f0 sequence 200
1246008412 d54880f0 pwnables 1
1246008423 d54880f0 pwnables 1
1246008429 eb61eebd pwnables 1
1246008456 2f509be5 steg 3
1246008483 2f509be5 steg 1
1246008499 2f509be5 steg 2
1246008500 eb61eebd pwnables 1
1246008543 d54880f0 pwnables 1
1246008581 eb61eebd pwnables 1
1246008594 d54880f0 pwnables 1
1246008598 2f509be5 pwnables 1
1246008618 eb61eebd pwnables 1
1246008618 2f509be5 pwnables 1
1246008654 2f509be5 pwnables 1
1246008659 d54880f0 pwnables 1
1246008711 2f509be5 pwnables 1
1246008738 d54880f0 bletchley 100
1246008771 2f509be5 pwnables 1
1246008843 2f509be5 pwnables 1
1246008866 d54880f0 pwnables 1
1246008906 2f509be5 pwnables 1
1246008961 2f509be5 pwnables 1
1246009020 eb61eebd pwnables 1
1246009030 5d074b3d pwnables 1
1246009081 2f509be5 pwnables 1
1246009133 2f509be5 pwnables 1
1246009155 5d074b3d pwnables 1
1246009174 eb61eebd pwnables 1
1246009206 2f509be5 pwnables 1
1246009238 eb61eebd pwnables 1
1246009260 2f509be5 pwnables 1
1246009291 2f509be5 bletchley 100
1246009302 5d074b3d pwnables 1
1246009325 2f509be5 pwnables 1
1246009333 eb61eebd netre 4
1246009374 2f509be5 pwnables 1
1246009375 eb61eebd pwnables 1
1246009440 d54880f0 netre 3
1246009451 2f509be5 pwnables 1
1246009493 2f509be5 pwnables 1
1246009518 d54880f0 pwnables 1
1246009556 2f509be5 pwnables 1
1246009561 d54880f0 netre 4
1246009588 d54880f0 pwnables 1
1246009601 d54880f0 netre 5
1246009623 2f509be5 pwnables 1
1246009679 eb61eebd bletchley 100
1246009695 2f509be5 pwnables 1
1246009717 d54880f0 netre 6
1246009723 d54880f0 steg 2
1246009745 2f509be5 pwnables 1
1246009817 2f509be5 pwnables 1
1246009843 d54880f0 sequence 400
1246009849 2f509be5 pwnables 1
1246009861 eb61eebd pwnables 1
1246009878 5d074b3d pwnables 1
1246009895 5d074b3d pwnables 1
1246009910 2f509be5 pwnables 1
1246009974 2f509be5 pwnables 1
1246010033 eb61eebd pwnables 1
1246010033 2f509be5 pwnables 1
1246010057 2f509be5 netre 4
1246010092 2f509be5 pwnables 1
1246009910 2f509be5 sequence 300
1246009910 5d074b3d sequence 300
1246009910 d54880f0 sequence 300
1246009910 eb61eebd sequence 300
1246010147 2f509be5 pwnables 1
1246010148 5d074b3d pwnables 1
1246010204 d54880f0 pwnables 1
1246010212 5d074b3d pwnables 1
1246010212 2f509be5 pwnables 1
1246010286 eb61eebd pwnables 1
1246010289 d54880f0 pwnables 1
1246010353 eb61eebd steg 2
1246010360 d54880f0 pwnables 1
1246010401 d54880f0 pwnables 1
1246010436 2f509be5 pwnables 1
1246010465 5d074b3d pwnables 1
1246010491 2f509be5 sequence 400
1246010556 d54880f0 pwnables 1
1246010592 2f509be5 pwnables 1
1246010622 d54880f0 pwnables 1
1246010641 2f509be5 pwnables 1
1246010745 d54880f0 netre 7
1246010858 2f509be5 pwnables 1
1246010879 2f509be5 pwnables 1
1246010929 d54880f0 pwnables 1
1246010951 2f509be5 pwnables 1
1246011000 2f509be5 pwnables 1
1246011070 2f509be5 pwnables 1
1246011089 5d074b3d pwnables 1
1246011113 eb61eebd pwnables 1
1246011116 2f509be5 pwnables 1
1246011155 eb61eebd sequence 450
1246011182 2f509be5 pwnables 1
1246011205 d54880f0 pwnables 1
1246011251 2f509be5 pwnables 1
1246011254 d54880f0 pwnables 1
1246011311 2f509be5 pwnables 1
1246011372 2f509be5 pwnables 1
1246011373 d54880f0 pwnables 1
1246011432 2f509be5 pwnables 1
1246011482 2f509be5 pwnables 1
1246011553 2f509be5 pwnables 1
1246011591 2f509be5 netre 5
1246011611 d54880f0 pwnables 1
1246011611 2f509be5 pwnables 1
1246011611 2f509be5 pwnables 1
1246011611 2f509be5 pwnables 1
1246011632 d54880f0 pwnables 1
1246011672 2f509be5 pwnables 1
1246011695 5d074b3d pwnables 1
1246011721 5d074b3d pwnables 1
1246011734 2f509be5 pwnables 1
1246011738 d54880f0 pwnables 1
1246011748 5d074b3d pwnables 1
1246011775 eb61eebd sequence 400
1246011794 2f509be5 pwnables 1
1246011799 d54880f0 pwnables 1
1246011856 2f509be5 pwnables 1
1246011856 2f509be5 pwnables 1
1246011856 2f509be5 pwnables 1
1246011856 2f509be5 pwnables 1
1246011863 d54880f0 pwnables 1
1246011890 eb61eebd pwnables 1
1246011911 2f509be5 netre 3
1246011917 2f509be5 pwnables 1
1246011917 2f509be5 pwnables 1
1246011917 2f509be5 pwnables 1
1246011917 2f509be5 pwnables 1
1246011924 d54880f0 pwnables 1
1246011975 2f509be5 pwnables 1
1246011983 2f509be5 pwnables 1
1246011984 2f509be5 pwnables 1
1246011984 2f509be5 pwnables 1
1246011984 2f509be5 pwnables 1
1246012026 d54880f0 bletchley 150
1246012050 2f509be5 pwnables 1
1246012051 2f509be5 pwnables 1
1246012051 2f509be5 pwnables 1
1246012051 2f509be5 pwnables 1
1246012056 d54880f0 pwnables 1
1246012110 2f509be5 pwnables 1
1246012110 2f509be5 pwnables 1
1246012110 2f509be5 pwnables 1
1246012110 2f509be5 pwnables 1
1246012110 2f509be5 pwnables 1
1246012170 2f509be5 pwnables 1
1246012171 2f509be5 pwnables 1
1246012171 2f509be5 pwnables 1
1246012171 2f509be5 pwnables 1
1246012171 2f509be5 pwnables 1
1246012171 5d074b3d pwnables 1
1246012236 2f509be5 pwnables 1
1246012236 2f509be5 pwnables 1
1246012236 2f509be5 pwnables 1
1246012236 2f509be5 pwnables 1
1246012236 2f509be5 pwnables 1
1246012249 2f509be5 netre 6
1246012276 5d074b3d pwnables 1
1246012283 d54880f0 pwnables 1
1246012294 2f509be5 pwnables 1
1246012294 2f509be5 pwnables 1
1246012294 2f509be5 pwnables 1
1246012294 2f509be5 pwnables 1
1246012294 2f509be5 pwnables 1
1246012334 d54880f0 pwnables 1
1246012352 2f509be5 pwnables 1
1246012353 2f509be5 pwnables 1
1246012353 2f509be5 pwnables 1
1246012353 2f509be5 pwnables 1
1246012353 2f509be5 pwnables 1
1246012377 d54880f0 pwnables 1
1246012816 d54880f0 pwnables 1
1246012832 2f509be5 pwnables 1
1246012832 2f509be5 pwnables 1
1246012846 d54880f0 pwnables 1
1246012880 5d074b3d steg 1
1246012892 2f509be5 pwnables 1
1246012903 d54880f0 pwnables 1
1246012952 2f509be5 pwnables 1
1246012970 eb61eebd pwnables 1
1246013010 d54880f0 pwnables 1
1246013012 2f509be5 pwnables 1
1246013031 eb61eebd pwnables 1
1246013073 2f509be5 pwnables 1
1246013086 d54880f0 pwnables 1
1246013092 eb61eebd pwnables 1
1246013133 2f509be5 pwnables 1
1246013133 2f509be5 pwnables 1
1246013133 2f509be5 pwnables 1
1246013133 2f509be5 pwnables 1
1246013146 d54880f0 pwnables 1
1246013154 eb61eebd pwnables 1
1246013162 5d074b3d pwnables 1
1246013202 2f509be5 pwnables 1
1246013215 eb61eebd pwnables 1
1246013245 5d074b3d sequence 400
1246013253 2f509be5 pwnables 1
1246013274 d54880f0 pwnables 1
1246013276 eb61eebd pwnables 1
1246013313 2f509be5 pwnables 1
1246013320 eb61eebd pwnables 1
1246013324 2f509be5 netre 7
1246013353 d54880f0 pwnables 1
1246013374 2f509be5 pwnables 1
1246013378 eb61eebd pwnables 1
1246013426 d54880f0 pwnables 1
1246013434 2f509be5 pwnables 1
1246013439 eb61eebd pwnables 1
1246013501 eb61eebd pwnables 1
1246013501 2f509be5 pwnables 1
1246013512 d54880f0 pwnables 1
1246013538 5d074b3d bletchley 100
1246013555 2f509be5 pwnables 1
1246013562 eb61eebd pwnables 1
1246013594 d54880f0 pwnables 1
1246013615 2f509be5 pwnables 1
1246013623 eb61eebd pwnables 1
1246013675 2f509be5 pwnables 1
1246013685 eb61eebd pwnables 1
1246013694 d54880f0 pwnables 1
1246013718 d54880f0 pwnables 1
1246013733 2f509be5 sequence 450
1246013736 2f509be5 pwnables 1
1246013746 eb61eebd pwnables 1
1246013796 2f509be5 pwnables 1
1246013803 d54880f0 pwnables 1
1246013824 d54880f0 pwnables 1
1246013863 2f509be5 pwnables 1
1246013899 d54880f0 pwnables 1
1246013923 2f509be5 pwnables 1
1246013923 2f509be5 pwnables 1
1246013923 2f509be5 pwnables 1
1246013923 2f509be5 pwnables 1
1246013923 2f509be5 pwnables 1
1246013927 d54880f0 pwnables 1
1246013957 eb61eebd pwnables 1
1246013984 2f509be5 pwnables 1
1246013988 eb61eebd pwnables 1
1246013989 d54880f0 pwnables 1
1246014046 2f509be5 pwnables 1
1246014047 2f509be5 pwnables 1
1246014047 2f509be5 pwnables 1
1246014047 2f509be5 pwnables 1
1246014047 2f509be5 pwnables 1
1246014080 d54880f0 pwnables 1
1246014080 eb61eebd pwnables 1
1246014107 2f509be5 pwnables 1
1246014107 2f509be5 pwnables 1
1246014107 2f509be5 pwnables 1
1246014107 2f509be5 pwnables 1
1246014107 2f509be5 pwnables 1
1246014110 eb61eebd pwnables 1
1246014143 d54880f0 pwnables 1
1246014161 2f509be5 pwnables 1
1246014169 eb61eebd pwnables 1
1246014195 d54880f0 pwnables 1
1246014228 2f509be5 pwnables 1
1246014228 2f509be5 pwnables 1
1246014228 2f509be5 pwnables 1
1246014228 2f509be5 pwnables 1
1246014228 2f509be5 pwnables 1
1246014229 eb61eebd pwnables 1
1246014240 d54880f0 pwnables 1
1246014284 2f509be5 pwnables 1
1246014284 2f509be5 pwnables 1
1246014284 2f509be5 pwnables 1
1246014284 2f509be5 pwnables 1
1246014288 eb61eebd pwnables 1
1246014294 d54880f0 pwnables 1
1246014300 5d074b3d pwnables 1
1246014347 eb61eebd pwnables 1
1246014349 2f509be5 pwnables 1
1246014349 2f509be5 pwnables 1
1246014349 2f509be5 pwnables 1
1246014349 2f509be5 pwnables 1
1246014349 2f509be5 pwnables 1
1246014404 d54880f0 pwnables 1
1246014406 2f509be5 pwnables 1
1246014407 eb61eebd pwnables 1
1246014415 d54880f0 pwnables 1
1246014480 2f509be5 pwnables 1
1246014480 2f509be5 pwnables 1
1246014480 2f509be5 pwnables 1
1246014480 2f509be5 pwnables 1
1246014484 d54880f0 pwnables 1
1246014534 2f509be5 pwnables 1
1246014534 2f509be5 pwnables 1
1246014534 2f509be5 pwnables 1
1246014534 2f509be5 pwnables 1
1246014552 d54880f0 pwnables 1
1246014589 2f509be5 pwnables 1
1246014627 eb61eebd pwnables 1
1246014638 d54880f0 pwnables 1
1246014649 2f509be5 pwnables 1
1246014656 eb61eebd pwnables 1
1246014709 2f509be5 pwnables 1
1246014711 d54880f0 pwnables 1
1246014714 eb61eebd pwnables 1
1246014724 d54880f0 pwnables 1
1246014758 5d074b3d pwnables 1
1246014769 2f509be5 pwnables 1
1246014773 eb61eebd pwnables 1
1246014779 d54880f0 pwnables 1
1246014830 2f509be5 pwnables 1
1246014831 eb61eebd pwnables 1
1246014848 d54880f0 pwnables 1
1246014890 2f509be5 pwnables 1
1246014898 d54880f0 sequence 450
1246014904 eb61eebd pwnables 1
1246014950 2f509be5 pwnables 1
1246014956 eb61eebd pwnables 1
1246014965 d54880f0 pwnables 1
1246015010 2f509be5 pwnables 1
1246015014 eb61eebd pwnables 1
1246015070 2f509be5 pwnables 1
1246015072 eb61eebd pwnables 1
1246015130 2f509be5 pwnables 1
1246015131 eb61eebd pwnables 1
1246015190 2f509be5 pwnables 1
1246015204 eb61eebd pwnables 1
1246015205 d54880f0 pwnables 1
1246015247 5d074b3d sequence 450
1246015251 2f509be5 pwnables 1
1246015262 eb61eebd pwnables 1
1246015270 d54880f0 pwnables 1
1246015304 eb61eebd sequence 35
1246015311 2f509be5 pwnables 1
1246015320 eb61eebd pwnables 1
1246015371 2f509be5 pwnables 1
1246015371 2f509be5 pwnables 1
1246015421 eb61eebd pwnables 1
1246015431 2f509be5 pwnables 1
1246015435 eb61eebd pwnables 1
1246015491 2f509be5 pwnables 1
1246015505 eb61eebd pwnables 1
1246015552 2f509be5 pwnables 1
1246015563 eb61eebd pwnables 1
1246015612 2f509be5 pwnables 1
1246015622 eb61eebd pwnables 1
1246015672 2f509be5 pwnables 1
1246015680 eb61eebd pwnables 1
1246015732 2f509be5 pwnables 1
1246015739 eb61eebd pwnables 1
1246015752 d54880f0 sequence 600
1246015787 d54880f0 pwnables 1
1246015793 2f509be5 pwnables 1
1246015798 eb61eebd pwnables 1
1246015854 2f509be5 pwnables 1
1246015856 eb61eebd pwnables 1
1246015913 2f509be5 pwnables 1
1246015915 eb61eebd pwnables 1
1246015945 d54880f0 pwnables 1
1246015974 2f509be5 pwnables 1
1246015974 2f509be5 pwnables 1
1246015988 eb61eebd pwnables 1
1246016014 d54880f0 pwnables 1
1246016034 2f509be5 pwnables 1
1246016047 eb61eebd pwnables 1
1246016063 d54880f0 pwnables 1
1246016094 2f509be5 pwnables 1
1246016094 2f509be5 pwnables 1
1246016105 eb61eebd pwnables 1
1246016155 2f509be5 pwnables 1
1246016164 eb61eebd pwnables 1
1246016200 d54880f0 pwnables 1
1246016220 2f509be5 pwnables 1
1246016220 2f509be5 pwnables 1
1246016220 2f509be5 pwnables 1
1246016220 2f509be5 pwnables 1
1246016220 2f509be5 pwnables 1
1246016223 eb61eebd pwnables 1
1246016251 d54880f0 pwnables 1
1246016276 2f509be5 pwnables 1
1246016282 eb61eebd pwnables 1
1246016337 2f509be5 pwnables 1
1246016340 eb61eebd pwnables 1
1246016360 d54880f0 pwnables 1
1246016397 2f509be5 pwnables 1
1246016398 eb61eebd pwnables 1
1246016408 d54880f0 pwnables 1
1246016457 2f509be5 pwnables 1
1246016471 eb61eebd pwnables 1
1246016517 2f509be5 pwnables 1
1246016529 eb61eebd pwnables 1
1246016541 d54880f0 pwnables 1
1246016577 2f509be5 pwnables 1
1246016579 eb61eebd pwnables 1
1246016618 d54880f0 pwnables 1
1246016637 d54880f0 netre 8
1246016637 2f509be5 pwnables 1
1246016637 2f509be5 pwnables 1
1246016645 d54880f0 pwnables 1
1246016687 eb61eebd pwnables 1
1246016697 2f509be5 pwnables 1
1246016702 eb61eebd pwnables 1
1246016716 d54880f0 pwnables 1
1246016758 2f509be5 pwnables 1
1246016760 eb61eebd pwnables 1
1246016778 d54880f0 pwnables 1
1246016811 eb61eebd steg 10
1246016818 2f509be5 pwnables 1
1246016818 2f509be5 pwnables 1
1246016823 d54880f0 pwnables 1
1246016833 eb61eebd pwnables 1
1246016878 2f509be5 pwnables 1
1246016878 2f509be5 pwnables 1
1246016878 2f509be5 pwnables 1
1246016878 2f509be5 pwnables 1
1246016878 2f509be5 pwnables 1
1246016891 eb61eebd pwnables 1
1246016898 d54880f0 pwnables 1
1246016938 2f509be5 pwnables 1
1246016949 eb61eebd pwnables 1
1246016960 d54880f0 pwnables 1
1246017006 d54880f0 pwnables 1
1246017008 eb61eebd pwnables 1
1246017066 eb61eebd pwnables 1
1246017086 d54880f0 pwnables 1
1246017119 2f509be5 pwnables 1
1246017124 eb61eebd pwnables 1
1246017132 d54880f0 pwnables 1
1246017179 2f509be5 pwnables 1
1246017182 eb61eebd pwnables 1
1246017193 d54880f0 pwnables 1
1246017239 2f509be5 pwnables 1
1246017241 eb61eebd pwnables 1
1246017259 d54880f0 pwnables 1
1246017299 2f509be5 pwnables 1
1246017305 d54880f0 pwnables 1
1246017313 eb61eebd pwnables 1
1246017359 2f509be5 pwnables 1
1246017367 d54880f0 pwnables 1
1246017372 eb61eebd pwnables 1
1246017419 2f509be5 pwnables 1
1246017430 eb61eebd pwnables 1
1246017443 d54880f0 pwnables 1
1246017479 2f509be5 pwnables 1
1246017488 eb61eebd pwnables 1
1246017489 d54880f0 pwnables 1
1246017540 2f509be5 pwnables 1
1246017546 eb61eebd pwnables 1
1246017551 d54880f0 pwnables 1
1246017600 2f509be5 pwnables 1
1246017600 2f509be5 pwnables 1
1246017600 2f509be5 pwnables 1
1246017604 eb61eebd pwnables 1
1246017612 d54880f0 pwnables 1
1246017660 2f509be5 pwnables 1
1246017663 eb61eebd pwnables 1
1246017673 d54880f0 pwnables 1
1246017720 2f509be5 pwnables 1
1246017721 eb61eebd pwnables 1
1246017724 5d074b3d netre 5
1246017736 d54880f0 pwnables 1
1246017780 2f509be5 pwnables 1
1246017797 5d074b3d pwnables 1
1246017813 d54880f0 pwnables 1
1246017817 eb61eebd pwnables 1
1246017846 eb61eebd pwnables 1
1246017846 2f509be5 pwnables 1
1246017859 d54880f0 pwnables 1
1246017901 2f509be5 pwnables 1
1246017905 eb61eebd pwnables 1
1246017920 d54880f0 pwnables 1
1246017924 d54880f0 steg 10
1246017961 2f509be5 pwnables 1
1246017963 eb61eebd pwnables 1
1246017966 d54880f0 pwnables 1
1246017974 d54880f0 sequence 700
1246018021 2f509be5 pwnables 1
1246018022 eb61eebd pwnables 1
1246018027 d54880f0 pwnables 1
1246018082 2f509be5 pwnables 1
1246018089 d54880f0 pwnables 1
1246018096 eb61eebd pwnables 1
1246018142 2f509be5 pwnables 1
1246018150 d54880f0 pwnables 1
1246018154 eb61eebd pwnables 1
1246018202 2f509be5 pwnables 1
1246018213 eb61eebd pwnables 1
1246018226 d54880f0 pwnables 1
1246018229 5d074b3d netre 6
1246018262 2f509be5 pwnables 1
1246018262 2f509be5 pwnables 1
1246018271 eb61eebd pwnables 1
1246018272 d54880f0 pwnables 1
1246018277 d54880f0 netre 10
1246018322 2f509be5 pwnables 1
1246018329 eb61eebd pwnables 1
1246018349 d54880f0 pwnables 1
1246018383 2f509be5 pwnables 1
1246018387 eb61eebd pwnables 1
1246018395 d54880f0 pwnables 1
1246018443 2f509be5 pwnables 1
1246018446 eb61eebd pwnables 1
1246018456 d54880f0 pwnables 1
1246018469 5d074b3d pwnables 1
1246018503 2f509be5 pwnables 1
1246018504 eb61eebd pwnables 1
1246018517 d54880f0 pwnables 1
1246018563 2f509be5 pwnables 1
1246018577 eb61eebd pwnables 1
1246018578 d54880f0 pwnables 1
1246018613 eb61eebd sequence 700
1246018623 2f509be5 pwnables 1
1246018635 eb61eebd pwnables 1
1246018639 d54880f0 pwnables 1
1246018683 2f509be5 pwnables 1
1246018683 2f509be5 pwnables 1
1246018683 2f509be5 pwnables 1
1246018693 eb61eebd pwnables 1
1246018700 d54880f0 pwnables 1
1246018708 2f509be5 sequence 700
1246018743 2f509be5 pwnables 1
1246018752 eb61eebd pwnables 1
1246018761 d54880f0 pwnables 1
1246018804 2f509be5 pwnables 1
1246018804 2f509be5 pwnables 1
1246018804 2f509be5 pwnables 1
1246018823 d54880f0 pwnables 1
1246018834 eb61eebd pwnables 1
1246018864 2f509be5 pwnables 1
1246018864 2f509be5 pwnables 1
1246018869 d54880f0 pwnables 1
1246018877 eb61eebd pwnables 1
1246018924 2f509be5 pwnables 1
1246018930 d54880f0 pwnables 1
1246018935 eb61eebd pwnables 1
1246018984 2f509be5 pwnables 1
1246018992 d54880f0 pwnables 1
1246018994 eb61eebd pwnables 1
1246019044 2f509be5 pwnables 1
1246019052 eb61eebd pwnables 1
1246019054 d54880f0 pwnables 1
1246019072 2f509be5 steg 10
1246019104 2f509be5 pwnables 1
1246019110 eb61eebd pwnables 1
1246019115 d54880f0 pwnables 1
1246019164 2f509be5 pwnables 1
1246019169 eb61eebd pwnables 1
1246019176 d54880f0 pwnables 1
1246019224 2f509be5 pwnables 1
1246019224 2f509be5 pwnables 1
1246019227 eb61eebd pwnables 1
1246019237 d54880f0 pwnables 1
1246019284 2f509be5 pwnables 1
1246019285 eb61eebd pwnables 1
1246019298 d54880f0 pwnables 1
1246019320 5d074b3d pwnables 1
1246019345 2f509be5 pwnables 1
1246019359 d54880f0 pwnables 1
1246019375 eb61eebd pwnables 1
1246019405 2f509be5 pwnables 1
1246019405 2f509be5 pwnables 1
1246019419 eb61eebd pwnables 1
1246019420 d54880f0 pwnables 1
1246019462 d54880f0 netre 20
1246019465 2f509be5 pwnables 1
1246019466 2f509be5 sequence 600
1246019477 eb61eebd pwnables 1
1246019482 d54880f0 pwnables 1
1246019482 5d074b3d pwnables 1
1246019528 2f509be5 pwnables 1
1246019535 eb61eebd pwnables 1
1246019543 d54880f0 pwnables 1
1246019585 2f509be5 pwnables 1
1246019600 eb61eebd pwnables 1
1246019604 d54880f0 pwnables 1
1246019645 2f509be5 pwnables 1
1246019658 eb61eebd pwnables 1
1246019666 d54880f0 pwnables 1
1246019705 2f509be5 pwnables 1
1246019711 d54880f0 pwnables 1
1246019716 eb61eebd pwnables 1
1246019765 2f509be5 pwnables 1
1246019773 d54880f0 pwnables 1
1246019775 eb61eebd pwnables 1
1246019825 2f509be5 pwnables 1
1246019833 eb61eebd pwnables 1
1246019849 d54880f0 pwnables 1
1246019886 2f509be5 pwnables 1
1246019895 d54880f0 pwnables 1
1246019936 eb61eebd pwnables 1
1246019946 2f509be5 pwnables 1
1246019951 eb61eebd pwnables 1
1246019957 d54880f0 pwnables 1
1246020006 2f509be5 pwnables 1
1246020009 eb61eebd pwnables 1
1246020018 d54880f0 pwnables 1
1246020066 2f509be5 pwnables 1
1246020067 eb61eebd pwnables 1
1246020094 d54880f0 pwnables 1
1246020126 2f509be5 pwnables 1
1246020140 d54880f0 pwnables 1
1246020140 eb61eebd pwnables 1
1246020186 2f509be5 pwnables 1
1246020198 eb61eebd pwnables 1
1246020201 d54880f0 pwnables 1
1246020246 2f509be5 pwnables 1
1246020256 eb61eebd pwnables 1
1246020262 d54880f0 pwnables 1
1246020282 2f509be5 netre 8
1246020307 2f509be5 pwnables 1
1246020314 eb61eebd pwnables 1
1246020323 d54880f0 pwnables 1
1246020367 2f509be5 pwnables 1
1246020373 eb61eebd pwnables 1
1246020383 d54880f0 pwnables 1
1246020427 2f509be5 pwnables 1
1246020431 eb61eebd pwnables 1
1246020444 d54880f0 pwnables 1
1246020487 2f509be5 pwnables 1
1246020489 eb61eebd pwnables 1
1246020505 d54880f0 pwnables 1
1246020547 2f509be5 pwnables 1
1246020547 eb61eebd pwnables 1
1246020564 5d074b3d sequence 600
1246020567 d54880f0 pwnables 1
1246020607 2f509be5 pwnables 1
1246020612 d54880f0 pwnables 1
1246020667 2f509be5 pwnables 1
1246020673 d54880f0 pwnables 1
1246020698 eb61eebd pwnables 1
1246020727 2f509be5 pwnables 1
1246020734 d54880f0 pwnables 1
1246020741 eb61eebd pwnables 1
1246020788 2f509be5 pwnables 1
1246020788 2f509be5 pwnables 1
1246020797 d54880f0 pwnables 1
1246020815 eb61eebd pwnables 1
1246020848 2f509be5 pwnables 1
1246020858 d54880f0 pwnables 1
1246020859 eb61eebd pwnables 1
1246020908 2f509be5 pwnables 1
1246020918 eb61eebd pwnables 1
1246020919 d54880f0 pwnables 1
1246020950 d54880f0 netre 30
1246020968 2f509be5 pwnables 1
1246020976 eb61eebd pwnables 1
1246020981 d54880f0 pwnables 1
1246021028 2f509be5 pwnables 1
1246021035 eb61eebd pwnables 1
1246021042 d54880f0 pwnables 1
1246021088 2f509be5 pwnables 1
1246021093 eb61eebd pwnables 1
1246021102 5d074b3d pwnables 1
1246021103 d54880f0 pwnables 1
1246021135 2f509be5 netre 10
1246021148 2f509be5 pwnables 1
1246021152 eb61eebd pwnables 1
1246021164 d54880f0 pwnables 1
1246021208 2f509be5 pwnables 1
1246021210 eb61eebd pwnables 1
1246021222 5d074b3d pwnables 1
1246021225 d54880f0 pwnables 1
1246021257 5d074b3d pwnables 1
1246021271 5d074b3d pwnables 1
1246021282 5d074b3d pwnables 1
1246021283 eb61eebd pwnables 1
1246021284 5d074b3d pwnables 1
1246021286 d54880f0 pwnables 1
1246021341 eb61eebd pwnables 1
1246021342 5d074b3d pwnables 1
1246021348 d54880f0 pwnables 1
1246021394 d54880f0 pwnables 1
1246021402 5d074b3d pwnables 1
1246021455 d54880f0 pwnables 1
1246021462 5d074b3d pwnables 1
1246021474 eb61eebd pwnables 1
1246021511 2f509be5 pwnables 1
1246021516 d54880f0 pwnables 1
1246021518 eb61eebd pwnables 1
1246021522 5d074b3d pwnables 1
1246021569 2f509be5 pwnables 1
1246021576 eb61eebd pwnables 1
1246021577 d54880f0 pwnables 1
1246021582 5d074b3d pwnables 1
1246021629 2f509be5 pwnables 1
1246021629 2f509be5 pwnables 1
1246021634 eb61eebd pwnables 1
1246021639 d54880f0 pwnables 1
1246021642 5d074b3d pwnables 1
1246021689 2f509be5 pwnables 1
1246021693 eb61eebd pwnables 1
1246021700 d54880f0 pwnables 1
1246021702 5d074b3d pwnables 1
1246021749 2f509be5 pwnables 1
1246021751 eb61eebd pwnables 1
1246021761 d54880f0 pwnables 1
1246021763 5d074b3d pwnables 1
1246021810 2f509be5 pwnables 1
1246021822 d54880f0 pwnables 1
1246021823 5d074b3d pwnables 1
1246021824 eb61eebd pwnables 1
1246021869 2f509be5 netre 20
1246021870 2f509be5 pwnables 1
1246021882 eb61eebd pwnables 1
1246021883 5d074b3d pwnables 1
1246021883 d54880f0 pwnables 1
1246021930 2f509be5 pwnables 1
1246021940 eb61eebd pwnables 1
1246021942 d54880f0 pwnables 1
1246021943 5d074b3d pwnables 1
1246021990 2f509be5 pwnables 1
1246021999 eb61eebd pwnables 1
1246022003 5d074b3d pwnables 1
1246022017 d54880f0 pwnables 1
1246022045 d54880f0 bletchley 200
1246022050 2f509be5 pwnables 1
1246022057 eb61eebd pwnables 1
1246022063 5d074b3d pwnables 1
1246022069 d54880f0 pwnables 1
1246022110 2f509be5 pwnables 1
1246022115 eb61eebd pwnables 1
1246022120 d54880f0 pwnables 1
1246022123 5d074b3d pwnables 1
1246022170 2f509be5 pwnables 1
1246022173 eb61eebd pwnables 1
1246022183 5d074b3d pwnables 1
1246022196 d54880f0 pwnables 1
1246022230 2f509be5 pwnables 1
1246022232 eb61eebd pwnables 1
1246022243 5d074b3d pwnables 1
1246022246 d54880f0 pwnables 1
1246022291 2f509be5 pwnables 1
1246022297 d54880f0 pwnables 1
1246022303 5d074b3d pwnables 1
1246022305 eb61eebd pwnables 1
1246022350 2f509be5 pwnables 1
1246022363 5d074b3d pwnables 1
1246022363 eb61eebd pwnables 1
1246022373 d54880f0 pwnables 1
1246022411 2f509be5 pwnables 1
1246022421 eb61eebd pwnables 1
1246022423 5d074b3d pwnables 1
1246022424 d54880f0 pwnables 1
1246022471 2f509be5 pwnables 1
1246022479 eb61eebd pwnables 1
1246022483 5d074b3d pwnables 1
1246022499 d54880f0 pwnables 1
1246022531 2f509be5 pwnables 1
1246022538 eb61eebd pwnables 1
1246022543 5d074b3d pwnables 1
1246022550 d54880f0 pwnables 1
1246022591 2f509be5 pwnables 1
1246022591 2f509be5 pwnables 1
1246022596 eb61eebd pwnables 1
1246022601 d54880f0 pwnables 1
1246022603 5d074b3d pwnables 1
1246022651 2f509be5 pwnables 1
1246022651 2f509be5 pwnables 1
1246022657 eb61eebd pwnables 1
1246022663 5d074b3d pwnables 1
1246022677 d54880f0 pwnables 1
1246022711 2f509be5 pwnables 1
1246022715 eb61eebd pwnables 1
1246022723 5d074b3d pwnables 1
1246022728 d54880f0 pwnables 1
1246022771 2f509be5 pwnables 1
1246022774 eb61eebd pwnables 1
1246022779 d54880f0 pwnables 1
1246022783 5d074b3d pwnables 1
1246022832 2f509be5 pwnables 1
1246022832 eb61eebd pwnables 1
1246022843 5d074b3d pwnables 1
1246022854 d54880f0 pwnables 1
1246022892 2f509be5 pwnables 1
1246022903 5d074b3d pwnables 1
1246022905 eb61eebd pwnables 1
1246022905 d54880f0 pwnables 1
1246022952 2f509be5 pwnables 1
1246022963 5d074b3d pwnables 1
1246022963 eb61eebd pwnables 1
1246022981 d54880f0 pwnables 1
1246023012 2f509be5 pwnables 1
1246023021 eb61eebd pwnables 1
1246023023 5d074b3d pwnables 1
1246023031 d54880f0 pwnables 1
1246023048 d54880f0 netre 100
1246023072 2f509be5 pwnables 1
1246023080 eb61eebd pwnables 1
1246023082 d54880f0 pwnables 1
1246023083 5d074b3d pwnables 1
1246023132 2f509be5 pwnables 1
1246023138 eb61eebd pwnables 1
1246023143 5d074b3d pwnables 1
1246023157 d54880f0 pwnables 1
1246023192 2f509be5 pwnables 1
1246023196 eb61eebd pwnables 1
1246023203 5d074b3d pwnables 1
1246023208 d54880f0 pwnables 1
1246023252 2f509be5 pwnables 1
1246023255 eb61eebd pwnables 1
1246023258 d54880f0 pwnables 1
1246023263 5d074b3d pwnables 1
1246023313 2f509be5 pwnables 1
1246023323 5d074b3d pwnables 1
1246023336 d54880f0 pwnables 1
1246023374 2f509be5 pwnables 1
1246023383 5d074b3d pwnables 1
1246023387 d54880f0 pwnables 1
1246023389 eb61eebd pwnables 1
1246023433 2f509be5 pwnables 1
1246023439 d54880f0 pwnables 1
1246023443 5d074b3d pwnables 1
1246023463 2f509be5 netre 30
1246023494 2f509be5 pwnables 1
1246023503 5d074b3d pwnables 1
1246023514 eb61eebd pwnables 1
1246023517 d54880f0 pwnables 1
1246023553 2f509be5 pwnables 1
1246023563 5d074b3d pwnables 1
1246023568 d54880f0 pwnables 1
1246023605 eb61eebd pwnables 1
1246023614 2f509be5 pwnables 1
1246023620 eb61eebd pwnables 1
1246023621 d54880f0 pwnables 1
1246023623 5d074b3d pwnables 1
1246023673 2f509be5 pwnables 1
1246023683 5d074b3d pwnables 1
1246023699 d54880f0 pwnables 1
1246023734 2f509be5 pwnables 1
1246023740 eb61eebd pwnables 1
1246023743 5d074b3d pwnables 1
1246023752 d54880f0 pwnables 1
1246023794 2f509be5 pwnables 1
1246023803 5d074b3d pwnables 1
1246023806 d54880f0 pwnables 1
1246023854 2f509be5 pwnables 1
1246023863 5d074b3d pwnables 1
1246023881 eb61eebd pwnables 1
1246023885 d54880f0 pwnables 1
1246023914 2f509be5 pwnables 1
1246023923 5d074b3d pwnables 1
1246023937 d54880f0 pwnables 1
1246023974 2f509be5 pwnables 1
1246023983 5d074b3d pwnables 1
1246023992 d54880f0 pwnables 1
1246024034 2f509be5 pwnables 1
1246024043 5d074b3d pwnables 1
1246024044 d54880f0 pwnables 1
1246024094 2f509be5 pwnables 1
1246024103 5d074b3d pwnables 1
1246024105 eb61eebd pwnables 1
1246024124 d54880f0 pwnables 1
1246024154 2f509be5 pwnables 1
1246024163 5d074b3d pwnables 1
1246024176 d54880f0 pwnables 1
1246024214 2f509be5 pwnables 1
1246024223 5d074b3d pwnables 1
1246024228 d54880f0 pwnables 1
1246024270 eb61eebd pwnables 1
1246024274 2f509be5 pwnables 1
1246024283 5d074b3d pwnables 1
1246024284 eb61eebd pwnables 1
1246024299 2f509be5 netre 100
1246024304 d54880f0 pwnables 1
1246024309 eb61eebd logger 1
1246024334 2f509be5 pwnables 1
1246024343 eb61eebd pwnables 1
1246024343 5d074b3d pwnables 1
1246024355 d54880f0 pwnables 1
1246024395 2f509be5 pwnables 1
1246024401 eb61eebd pwnables 1
1246024403 5d074b3d pwnables 1
1246024406 d54880f0 pwnables 1
1246024455 2f509be5 pwnables 1
1246024457 eb61eebd logger 1
1246024460 eb61eebd pwnables 1
1246024463 5d074b3d pwnables 1
1246024509 d54880f0 pwnables 1
1246024513 5d074b3d logger 1
1246024518 eb61eebd pwnables 1
1246024518 2f509be5 pwnables 1
1246024521 eb61eebd logger 1
1246024523 5d074b3d pwnables 1
1246024557 eb61eebd logger 1
1246024560 d54880f0 pwnables 1
1246024575 2f509be5 pwnables 1
1246024576 eb61eebd pwnables 1
1246024584 5d074b3d pwnables 1
1246024586 d54880f0 pwnables 1
1246024607 5d074b3d logger 1
1246024614 eb61eebd logger 1
1246024635 2f509be5 pwnables 1
1246024644 5d074b3d pwnables 1
1246024649 eb61eebd pwnables 1
1246024662 d54880f0 pwnables 1
1246024680 eb61eebd logger 1
1246024692 d54880f0 logger 1
1246024695 2f509be5 pwnables 1
1246024704 5d074b3d pwnables 1
1246024707 eb61eebd pwnables 1
1246024712 d54880f0 pwnables 1
1246024715 5d074b3d logger 1
1246024722 d54880f0 logger 1
1246024755 2f509be5 pwnables 1
1246024758 5d074b3d logger 1
1246024763 d54880f0 pwnables 1
1246024764 5d074b3d pwnables 1
1246024766 eb61eebd pwnables 1
1246024768 eb61eebd logger 1
1246024805 5d074b3d logger 1
1246024815 2f509be5 pwnables 1
1246024819 d54880f0 logger 1
1246024824 5d074b3d pwnables 1
1246024824 eb61eebd pwnables 1
1246024839 d54880f0 pwnables 1
1246024858 d54880f0 logger 1
1246024876 2f509be5 pwnables 1
1246024883 eb61eebd pwnables 1
1246024884 5d074b3d pwnables 1
1246024885 eb61eebd logger 1
1246024890 d54880f0 pwnables 1
1246024936 eb61eebd netre 10
1246024936 2f509be5 pwnables 1
1246024941 eb61eebd pwnables 1
1246024942 eb61eebd logger 1
1246024942 d54880f0 logger 1
1246024944 5d074b3d pwnables 1
1246024966 d54880f0 pwnables 1
1246024993 eb61eebd logger 1
1246024996 2f509be5 pwnables 1
1246024999 eb61eebd pwnables 1
1246025004 5d074b3d pwnables 1
1246025006 d54880f0 logger 1
1246025016 d54880f0 pwnables 1
1246025055 eb61eebd logger 1
1246025056 2f509be5 pwnables 1
1246025057 eb61eebd pwnables 1
1246025064 5d074b3d pwnables 1
1246025065 d54880f0 logger 1
1246025117 2f509be5 pwnables 1
1246025118 d54880f0 pwnables 1
1246025124 5d074b3d pwnables 1
1246025130 eb61eebd pwnables 1
1246025133 d54880f0 logger 1
1246025136 eb61eebd logger 1
1246025169 d54880f0 pwnables 1
1246025177 2f509be5 pwnables 1
1246025178 eb61eebd logger 1
1246025184 5d074b3d pwnables 1
1246025188 eb61eebd pwnables 1
1246025193 d54880f0 logger 1
1246025194 d54880f0 pwnables 1
1246025237 2f509be5 pwnables 1
1246025244 5d074b3d pwnables 1
1246025245 d54880f0 pwnables 1
1246025246 eb61eebd pwnables 1
1246025254 d54880f0 logger 1
1246025267 eb61eebd logger 1
1246025297 2f509be5 pwnables 1
1246025302 eb61eebd logger 1
1246025304 5d074b3d pwnables 1
1246025305 eb61eebd pwnables 1
1246025311 d54880f0 logger 1
1246025321 d54880f0 pwnables 1
1246025356 eb61eebd logger 1
1246025357 2f509be5 pwnables 1
1246025364 eb61eebd pwnables 1
1246025364 5d074b3d pwnables 1
1246025372 d54880f0 pwnables 1
1246025375 d54880f0 logger 1
1246025416 eb61eebd logger 1
1246025417 2f509be5 pwnables 1
1246025422 eb61eebd pwnables 1
1246025422 d54880f0 pwnables 1
1246025424 5d074b3d pwnables 1
1246025430 d54880f0 logger 1
1246025477 2f509be5 pwnables 1
1246025482 eb61eebd logger 1
1246025483 eb61eebd pwnables 1
1246025484 5d074b3d pwnables 1
1246025486 d54880f0 logger 1
1246025499 d54880f0 pwnables 1
1246025537 2f509be5 pwnables 1
1246025542 eb61eebd pwnables 1
1246025544 5d074b3d pwnables 1
1246025545 d54880f0 logger 1
1246025549 d54880f0 pwnables 1
1246025562 eb61eebd logger 1
1246025598 2f509be5 pwnables 1
1246025600 eb61eebd logger 1
1246025600 eb61eebd pwnables 1
1246025604 5d074b3d pwnables 1
1246025625 d54880f0 pwnables 1
1246025632 d54880f0 logger 1
1246025656 eb61eebd logger 1
1246025658 2f509be5 pwnables 1
1246025664 5d074b3d pwnables 1
1246025676 d54880f0 pwnables 1
1246025676 d54880f0 logger 1
1246025694 5d074b3d logger 1
1246025695 5d074b3d logger 1
1246025695 5d074b3d logger 1
1246025695 5d074b3d logger 1
1246025695 5d074b3d logger 1
1246025695 5d074b3d logger 1
1246025695 5d074b3d logger 1
1246025696 5d074b3d logger 1
1246025696 5d074b3d logger 1
1246025696 5d074b3d logger 1
1246025696 5d074b3d logger 1
1246025697 5d074b3d logger 1
1246025697 5d074b3d logger 1
1246025697 5d074b3d logger 1
1246025697 5d074b3d logger 1
1246025697 5d074b3d logger 1
1246025697 5d074b3d logger 1
1246025697 5d074b3d logger 1
1246025697 5d074b3d logger 1
1246025713 eb61eebd logger 1
1246025718 2f509be5 pwnables 1
1246025724 d54880f0 logger 1
1246025724 5d074b3d pwnables 1
1246025727 d54880f0 pwnables 1
1246025735 eb61eebd pwnables 1
1246025773 eb61eebd logger 1
1246025778 2f509be5 pwnables 1
1246025779 eb61eebd pwnables 1
1246025784 5d074b3d pwnables 1
1246025793 d54880f0 logger 1
1246025803 d54880f0 pwnables 1
1246025833 eb61eebd logger 1
1246025838 2f509be5 pwnables 1
1246025844 5d074b3d pwnables 1
1246025844 5d074b3d logger 1
1246025844 5d074b3d logger 1
1246025845 5d074b3d logger 1
1246025847 d54880f0 logger 1
1246025852 eb61eebd pwnables 1
1246025854 d54880f0 pwnables 1
1246025880 d54880f0 logger 1
1246025887 eb61eebd logger 1
1246025898 2f509be5 pwnables 1
1246025904 5d074b3d pwnables 1
1246025904 d54880f0 pwnables 1
1246025910 eb61eebd pwnables 1
1246025937 eb61eebd logger 1
1246025954 d54880f0 logger 1
1246025958 2f509be5 pwnables 1
1246025964 5d074b3d pwnables 1
1246025968 eb61eebd pwnables 1
1246025980 d54880f0 pwnables 1
1246025986 d54880f0 logger 1
1246025998 eb61eebd logger 1
1246026003 5d074b3d logger 1
1246026003 5d074b3d logger 1
1246026018 2f509be5 pwnables 1
1246026024 5d074b3d pwnables 1
1246026026 eb61eebd pwnables 1
1246026031 d54880f0 pwnables 1
1246026065 eb61eebd logger 1
1246026067 5d074b3d logger 1
1246026079 2f509be5 pwnables 1
1246026084 5d074b3d pwnables 1
1246026085 eb61eebd pwnables 1
1246026095 d54880f0 logger 1
1246026107 d54880f0 pwnables 1
1246026125 eb61eebd logger 1
1246026128 5d074b3d logger 1
1246026139 2f509be5 pwnables 1
1246026143 eb61eebd pwnables 1
1246026144 5d074b3d pwnables 1
1246026166 d54880f0 pwnables 1
1246026168 d54880f0 logger 1
1246026186 eb61eebd logger 1
1246026190 5d074b3d logger 1
1246026199 2f509be5 pwnables 1
1246026204 5d074b3d pwnables 1
1246026207 d54880f0 pwnables 1
1246026231 eb61eebd pwnables 1
1246026246 eb61eebd logger 1
1246026248 d54880f0 logger 1
1246026253 5d074b3d logger 1
1246026259 2f509be5 pwnables 1
1246026261 eb61eebd pwnables 1
1246026264 5d074b3d pwnables 1
1246026286 d54880f0 pwnables 1
1246026294 d54880f0 logger 1
1246026306 eb61eebd logger 1
1246026315 5d074b3d logger 1
1246026319 2f509be5 pwnables 1
1246026324 5d074b3d pwnables 1
1246026332 d54880f0 pwnables 1
1246026336 d54880f0 logger 1
1246026348 2f509be5 bletchley 50
1246026366 eb61eebd logger 1
1246026379 2f509be5 pwnables 1
1246026380 5d074b3d logger 1
1246026384 5d074b3d pwnables 1
1246026414 d54880f0 pwnables 1
1246026429 eb61eebd logger 1
1246026433 d54880f0 logger 1
1246026439 2f509be5 pwnables 1
1246026443 5d074b3d logger 1
1246026444 5d074b3d pwnables 1
1246026459 d54880f0 pwnables 1
1246026459 eb61eebd pwnables 1
1246026469 d54880f0 logger 1
1246026492 eb61eebd logger 1
1246026499 2f509be5 pwnables 1
1246026504 5d074b3d pwnables 1
1246026505 5d074b3d logger 1
1246026505 5d074b3d logger 1
1246026506 d54880f0 pwnables 1
1246026519 d54880f0 logger 1
1246026537 eb61eebd pwnables 1
1246026550 eb61eebd logger 1
1246026560 2f509be5 pwnables 1
1246026564 5d074b3d pwnables 1
1246026567 5d074b3d logger 1
1246026572 5d074b3d sequence 700
1246026574 d54880f0 logger 1
1246026586 d54880f0 pwnables 1
1246026606 eb61eebd logger 1
1246026611 eb61eebd pwnables 1
1246026620 2f509be5 pwnables 1
1246026624 5d074b3d pwnables 1
1246026625 eb61eebd pwnables 1
1246026627 d54880f0 pwnables 1
1246026629 5d074b3d logger 1
1246026636 d54880f0 logger 1
1246026669 eb61eebd logger 1
1246026680 2f509be5 pwnables 1
1246026684 eb61eebd pwnables 1
1246026684 5d074b3d pwnables 1
1246026699 d54880f0 logger 1
1246026703 d54880f0 pwnables 1
1246026729 eb61eebd logger 1
1246026740 2f509be5 pwnables 1
1246026743 eb61eebd pwnables 1
1246026744 5d074b3d pwnables 1
1246026755 5d074b3d logger 1
1246026755 5d074b3d logger 1
1246026779 d54880f0 pwnables 1
1246026789 d54880f0 logger 1
1246026791 eb61eebd logger 1
1246026800 2f509be5 pwnables 1
1246026804 eb61eebd pwnables 1
1246026804 5d074b3d pwnables 1
1246026813 d54880f0 logger 1
1246026819 5d074b3d logger 1
1246026820 d54880f0 pwnables 1
1246026842 5d074b3d netre 1
1246026848 eb61eebd logger 1
1246026861 2f509be5 pwnables 1
1246026861 2f509be5 pwnables 1
1246026863 eb61eebd pwnables 1
1246026864 5d074b3d pwnables 1
1246026882 5d074b3d logger 1
1246026896 d54880f0 pwnables 1
1246026907 eb61eebd logger 1
1246026921 2f509be5 pwnables 1
1246026924 5d074b3d pwnables 1
1246026935 d54880f0 logger 1
1246026935 eb61eebd pwnables 1
1246026937 d54880f0 pwnables 1
1246026944 5d074b3d logger 1
1246026966 eb61eebd logger 1
1246026981 2f509be5 pwnables 1
1246026984 5d074b3d pwnables 1
1246026994 eb61eebd pwnables 1
1246027008 5d074b3d logger 1
1246027014 d54880f0 pwnables 1
1246027014 d54880f0 logger 1
1246027029 eb61eebd logger 1
1246027041 2f509be5 pwnables 1
1246027044 5d074b3d pwnables 1
1246027052 eb61eebd pwnables 1
1246027055 d54880f0 pwnables 1
1246027068 d54880f0 logger 1
1246027072 5d074b3d logger 1
1246027094 eb61eebd logger 1
1246027101 2f509be5 pwnables 1
1246027105 5d074b3d pwnables 1
1246027111 eb61eebd pwnables 1
1246027132 d54880f0 pwnables 1
1246027134 5d074b3d logger 1
1246027146 eb61eebd logger 1
1246027158 d54880f0 logger 1
1246027162 2f509be5 pwnables 1
1246027165 5d074b3d pwnables 1
1246027170 eb61eebd pwnables 1
1246027172 d54880f0 pwnables 1
1246027183 d54880f0 logger 1
1246027197 5d074b3d logger 1
1246027207 eb61eebd logger 1
1246027222 2f509be5 pwnables 1
1246027225 5d074b3d pwnables 1
1246027229 eb61eebd pwnables 1
1246027249 d54880f0 pwnables 1
1246027258 d54880f0 logger 1
1246027259 5d074b3d logger 1
1246027269 eb61eebd logger 1
1246027282 2f509be5 pwnables 1
1246027285 5d074b3d pwnables 1
1246027287 eb61eebd pwnables 1
1246027289 d54880f0 pwnables 1
1246027295 d54880f0 logger 1
1246027322 5d074b3d logger 1
1246027330 eb61eebd logger 1
1246027342 2f509be5 pwnables 1
1246027342 2f509be5 pwnables 1
1246027345 5d074b3d pwnables 1
1246027346 eb61eebd pwnables 1
1246027362 d54880f0 logger 1
1246027366 d54880f0 pwnables 1
1246027384 5d074b3d logger 1
1246027391 eb61eebd logger 1
1246027402 2f509be5 pwnables 1
1246027404 eb61eebd pwnables 1
1246027405 5d074b3d pwnables 1
1246027449 5d074b3d logger 1
1246027462 2f509be5 pwnables 1
1246027463 eb61eebd pwnables 1
1246027465 5d074b3d pwnables 1
1246027472 d54880f0 logger 1
1246027508 eb61eebd logger 1
1246027513 5d074b3d logger 1
1246027522 2f509be5 pwnables 1
1246027525 5d074b3d pwnables 1
1246027526 d54880f0 logger 1
1246027565 d54880f0 logger 1
1246027567 eb61eebd logger 1
1246027576 5d074b3d logger 1
1246027582 eb61eebd pwnables 1
1246027582 2f509be5 pwnables 1
1246027585 5d074b3d pwnables 1
1246027597 eb61eebd pwnables 1
1246027629 eb61eebd logger 1
1246027638 5d074b3d logger 1
1246027643 2f509be5 pwnables 1
1246027645 5d074b3d pwnables 1
1246027649 d54880f0 pwnables 1
1246027655 eb61eebd pwnables 1
1246027675 d54880f0 logger 1
1246027689 d54880f0 pwnables 1
1246027692 eb61eebd logger 1
1246027703 2f509be5 pwnables 1
1246027705 5d074b3d pwnables 1
1246027709 d54880f0 logger 1
1246027739 d54880f0 pwnables 1
1246027746 eb61eebd logger 1
1246027763 d54880f0 logger 1
1246027763 eb61eebd pwnables 1
1246027763 2f509be5 pwnables 1
1246027764 5d074b3d logger 1
1246027765 5d074b3d pwnables 1
1246027777 eb61eebd pwnables 1
1246027782 d54880f0 pwnables 1
1246027807 d54880f0 logger 1
1246027813 eb61eebd logger 1
1246027814 d54880f0 steg 20
1246027823 2f509be5 pwnables 1
1246027825 5d074b3d pwnables 1
1246027827 5d074b3d logger 1
1246027827 5d074b3d logger 1
1246027836 eb61eebd pwnables 1
1246027841 d54880f0 pwnables 1
1246027868 eb61eebd logger 1
1246027879 d54880f0 logger 1
1246027883 2f509be5 pwnables 1
1246027885 5d074b3d pwnables 1
1246027892 5d074b3d logger 1
1246027906 eb61eebd netre 200
1246027908 d54880f0 pwnables 1
1246027931 eb61eebd logger 1
1246027945 5d074b3d pwnables 1
1246027945 2f509be5 pwnables 1
1246027947 d54880f0 logger 1
1246027961 5d074b3d logger 1
1246027969 d54880f0 pwnables 1
1246027983 eb61eebd netre 250
1246027988 eb61eebd logger 1
1246028004 2f509be5 pwnables 1
1246028005 5d074b3d pwnables 1
1246028019 eb61eebd pwnables 1
1246028020 d54880f0 logger 1
1246028024 5d074b3d logger 1
1246028031 d54880f0 logger 1
1246028036 d54880f0 pwnables 1
1246028046 eb61eebd logger 1
1246028064 2f509be5 pwnables 1
1246028065 5d074b3d pwnables 1
1246028078 d54880f0 logger 1
1246028083 d54880f0 pwnables 1
1246028090 5d074b3d logger 1
1246028093 eb61eebd pwnables 1
1246028110 eb61eebd logger 1
1246028124 2f509be5 pwnables 1
1246028125 5d074b3d pwnables 1
1246028142 d54880f0 netre 300
1246028153 5d074b3d logger 1
1246028166 eb61eebd pwnables 1
1246028168 eb61eebd logger 1
1246028174 d54880f0 logger 1
1246028184 2f509be5 pwnables 1
1246028185 5d074b3d pwnables 1
1246028201 d54880f0 logger 1
1246028202 d54880f0 pwnables 1
1246028214 2f509be5 steg 20
1246028216 5d074b3d logger 1
1246028228 eb61eebd logger 1
1246028230 eb61eebd netre 20
1246028239 eb61eebd pwnables 1
1246028244 2f509be5 pwnables 1
1246028245 5d074b3d pwnables 1
1246028254 eb61eebd pwnables 1
1246028268 2f509be5 netre 200
1246028279 d54880f0 pwnables 1
1246028281 5d074b3d logger 1
1246028305 5d074b3d pwnables 1
1246028305 2f509be5 pwnables 1
1246028325 d54880f0 pwnables 1
1246028332 eb61eebd pwnables 1
1246028344 5d074b3d logger 1
1246028348 eb61eebd logger 1
1246028364 2f509be5 pwnables 1
1246028365 5d074b3d pwnables 1
1246028365 d54880f0 logger 1
1246028382 d54880f0 logger 1
1246028386 5d074b3d netre 4
1246028395 eb61eebd steg 20
1246028404 d54880f0 pwnables 1
1246028407 eb61eebd pwnables 1
1246028410 eb61eebd logger 1
1246028416 5d074b3d logger 1
1246028424 2f509be5 pwnables 1
1246028425 5d074b3d pwnables 1
1246028431 d54880f0 netre 400
1246028443 d54880f0 logger 1
1246028452 d54880f0 pwnables 1
1246028469 eb61eebd logger 1
1246028479 5d074b3d logger 1
1246028480 eb61eebd pwnables 1
1246028484 2f509be5 pwnables 1
1246028485 5d074b3d pwnables 1
1246028493 d54880f0 pwnables 1
1246028502 d54880f0 logger 1
1246028531 eb61eebd logger 1
1246028542 5d074b3d logger 1
1246028544 2f509be5 pwnables 1
1246028545 5d074b3d pwnables 1
1246028562 d54880f0 logger 1
1246028570 d54880f0 pwnables 1
1246028588 eb61eebd logger 1
1246028604 2f509be5 pwnables 1
1246028605 5d074b3d logger 1
1246028605 5d074b3d pwnables 1
1246028612 d54880f0 pwnables 1
1246028646 eb61eebd logger 1
1246028656 eb61eebd pwnables 1
1246028665 2f509be5 pwnables 1
1246028665 5d074b3d pwnables 1
1246028670 5d074b3d logger 1
1246028670 5d074b3d logger 1
1246028671 eb61eebd pwnables 1
1246028673 d54880f0 logger 1
1246028687 d54880f0 pwnables 1
1246028708 eb61eebd logger 1
1246028712 d54880f0 logger 1
1246028725 2f509be5 pwnables 1
1246028725 5d074b3d pwnables 1
1246028727 d54880f0 netre 200
1246028730 eb61eebd pwnables 1
1246028733 5d074b3d logger 1
1246028739 d54880f0 logger 1
1246028763 d54880f0 pwnables 1
1246028767 eb61eebd logger 1
1246028785 2f509be5 pwnables 1
1246028785 5d074b3d pwnables 1
1246028789 eb61eebd pwnables 1
1246028796 5d074b3d logger 1
1246028804 d54880f0 pwnables 1
1246028828 eb61eebd logger 1
1246028845 2f509be5 pwnables 1
1246028845 5d074b3d pwnables 1
1246028848 eb61eebd pwnables 1
1246028852 d54880f0 logger 1
1246028859 5d074b3d logger 1
1246028880 d54880f0 pwnables 1
1246028886 eb61eebd logger 1
1246028894 d54880f0 logger 1
1246028905 2f509be5 pwnables 1
1246028905 5d074b3d pwnables 1
1246028921 d54880f0 pwnables 1
1246028923 5d074b3d logger 1
1246028932 d54880f0 logger 1
1246028940 eb61eebd pwnables 1
1246028949 eb61eebd logger 1
1246028965 2f509be5 pwnables 1
1246028965 5d074b3d pwnables 1
1246028988 5d074b3d logger 1
1246029001 d54880f0 pwnables 1
1246029013 d54880f0 logger 1
1246029015 eb61eebd logger 1
1246029025 2f509be5 pwnables 1
1246029025 5d074b3d pwnables 1
1246029032 eb61eebd pwnables 1
1246029042 d54880f0 logger 1
1246029045 d54880f0 pwnables 1
1246029047 eb61eebd pwnables 1
1246029051 5d074b3d logger 1
1246029068 eb61eebd logger 1
1246029085 2f509be5 pwnables 1
1246029086 5d074b3d pwnables 1
1246029100 2f509be5 netre 250
1246029105 d54880f0 logger 1
1246029105 eb61eebd pwnables 1
1246029115 5d074b3d logger 1
1246029121 d54880f0 pwnables 1
1246029128 eb61eebd logger 1
1246029146 5d074b3d pwnables 1
1246029146 2f509be5 pwnables 1
1246029158 d54880f0 logger 1
1246029162 d54880f0 pwnables 1
1246029180 5d074b3d logger 1
1246029192 eb61eebd logger 1
1246029206 2f509be5 pwnables 1
1246029211 eb61eebd pwnables 1
1246029220 d54880f0 logger 1
1246029233 eb61eebd netre 400
1246029243 d54880f0 pwnables 1
1246029243 5d074b3d logger 1
1246029247 eb61eebd logger 1
1246029266 2f509be5 pwnables 1
1246029268 5d074b3d pwnables 1
1246029270 eb61eebd pwnables 1
1246029281 d54880f0 logger 1
1246029284 d54880f0 pwnables 1
1246029309 eb61eebd logger 1
1246029309 5d074b3d logger 1
1246029321 eb61eebd steg 200
1246029326 2f509be5 pwnables 1
1246029328 5d074b3d pwnables 1
1246029329 eb61eebd pwnables 1
1246029361 d54880f0 pwnables 1
1246029366 eb61eebd logger 1
1246029374 5d074b3d logger 1
1246029386 2f509be5 pwnables 1
1246029388 5d074b3d pwnables 1
1246029401 d54880f0 pwnables 1
1246029422 eb61eebd pwnables 1
1246029425 d54880f0 logger 1
1246029430 eb61eebd logger 1
1246029439 5d074b3d logger 1
1246029446 2f509be5 pwnables 1
1246029448 5d074b3d pwnables 1
1246029449 2f509be5 steg 200
1246029451 eb61eebd pwnables 1
1246029483 d54880f0 pwnables 1
1246029486 eb61eebd logger 1
1246029498 d54880f0 logger 1
1246029498 2f509be5 netre 300
1246029503 5d074b3d logger 1
1246029507 2f509be5 pwnables 1
1246029508 5d074b3d pwnables 1
1246029510 eb61eebd pwnables 1
1246029524 d54880f0 pwnables 1
1246029525 d54880f0 logger 1
1246029547 eb61eebd logger 1
1246029567 2f509be5 pwnables 1
1246029567 5d074b3d logger 1
1246029567 5d074b3d logger 1
1246029568 5d074b3d pwnables 1
1246029598 d54880f0 logger 1
1246029601 d54880f0 pwnables 1
1246029609 eb61eebd logger 1
1246029627 2f509be5 pwnables 1
1246029628 5d074b3d pwnables 1
1246029629 eb61eebd pwnables 1
1246029631 5d074b3d logger 1
1246029642 d54880f0 pwnables 1
1246029667 eb61eebd logger 1
1246029687 2f509be5 pwnables 1
1246029688 5d074b3d pwnables 1
1246029692 eb61eebd pwnables 1
1246029696 5d074b3d logger 1
1246029706 d54880f0 logger 1
1246029719 d54880f0 pwnables 1
1246029733 eb61eebd logger 1
1246029747 2f509be5 pwnables 1
1246029748 5d074b3d pwnables 1
1246029751 eb61eebd pwnables 1
1246029760 d54880f0 pwnables 1
1246029760 5d074b3d logger 1
1246029768 d54880f0 logger 1
1246029789 eb61eebd logger 1
1246029807 2f509be5 pwnables 1
1246029808 5d074b3d pwnables 1
1246029809 eb61eebd pwnables 1
1246029825 5d074b3d logger 1
1246029836 d54880f0 logger 1
1246029836 d54880f0 pwnables 1
1246029848 eb61eebd logger 1
1246029867 2f509be5 pwnables 1
1246029868 5d074b3d pwnables 1
1246029868 eb61eebd pwnables 1
1246029877 d54880f0 pwnables 1
1246029888 5d074b3d logger 1
1246029908 eb61eebd logger 1
1246029916 d54880f0 logger 1
1246029927 2f509be5 pwnables 1
1246029928 5d074b3d pwnables 1
1246029942 eb61eebd pwnables 1
1246029942 d54880f0 logger 1
1246029953 5d074b3d logger 1
1246029954 d54880f0 pwnables 1
1246029970 eb61eebd logger 1
1246029973 d54880f0 steg 200
1246029987 2f509be5 pwnables 1
1246029988 5d074b3d pwnables 1
1246030001 eb61eebd pwnables 1
1246030003 d54880f0 pwnables 1
1246030005 d54880f0 logger 1
1246030017 5d074b3d logger 1
1246030026 eb61eebd logger 1
1246030048 2f509be5 pwnables 1
1246030048 5d074b3d pwnables 1
1246030060 eb61eebd pwnables 1
1246030079 d54880f0 pwnables 1
1246030081 5d074b3d logger 1
1246030085 d54880f0 logger 1
1246030093 eb61eebd logger 1
1246030108 2f509be5 pwnables 1
1246030108 5d074b3d pwnables 1
1246030120 d54880f0 pwnables 1
1246030120 d54880f0 logger 1
1246030144 5d074b3d logger 1
1246030146 eb61eebd logger 1
1246030168 2f509be5 pwnables 1
1246030168 5d074b3d pwnables 1
1246030184 eb61eebd pwnables 1
1246030197 d54880f0 pwnables 1
1246030207 eb61eebd logger 1
1246030210 5d074b3d logger 1
1246030228 2f509be5 pwnables 1
1246030228 5d074b3d pwnables 1
1246030238 d54880f0 pwnables 1
1246030254 d54880f0 logger 1
1246030268 eb61eebd logger 1
1246030275 5d074b3d logger 1
1246030288 2f509be5 pwnables 1
1246030288 5d074b3d pwnables 1
1246030311 d54880f0 logger 1
1246030328 eb61eebd logger 1
1246030340 5d074b3d logger 1
1246030348 2f509be5 pwnables 1
1246030349 5d074b3d pwnables 1
1246030357 d54880f0 pwnables 1
1246030387 d54880f0 logger 1
1246030388 eb61eebd logger 1
1246030397 eb61eebd pwnables 1
1246030404 5d074b3d logger 1
1246030408 2f509be5 pwnables 1
1246030408 eb61eebd pwnables 1
1246030409 5d074b3d pwnables 1
1246030423 eb61eebd pwnables 1
1246030426 d54880f0 logger 1
1246030434 d54880f0 pwnables 1
1246030447 eb61eebd logger 1
1246030469 2f509be5 pwnables 1
1246030469 5d074b3d pwnables 1
1246030470 5d074b3d logger 1
1246030470 5d074b3d logger 1
1246030475 d54880f0 pwnables 1
1246030482 eb61eebd pwnables 1
1246030510 eb61eebd logger 1
1246030512 d54880f0 logger 1
1246030529 2f509be5 pwnables 1
1246030529 5d074b3d pwnables 1
1246030535 5d074b3d logger 1
1246030551 d54880f0 pwnables 1
1246030566 eb61eebd logger 1
1246030589 5d074b3d pwnables 1
1246030589 2f509be5 pwnables 1
1246030589 eb61eebd pwnables 1
1246030599 5d074b3d logger 1
1246030601 d54880f0 logger 1
1246030627 d54880f0 logger 1
1246030628 d54880f0 pwnables 1
1246030634 eb61eebd logger 1
1246030649 2f509be5 pwnables 1
1246030663 eb61eebd pwnables 1
1246030663 d54880f0 logger 1
1246030665 5d074b3d logger 1
1246030669 d54880f0 pwnables 1
1246030686 eb61eebd logger 1
1246030709 5d074b3d pwnables 1
1246030709 2f509be5 pwnables 1
1246030722 eb61eebd pwnables 1
1246030724 d54880f0 logger 1
1246030730 5d074b3d logger 1
1246030745 d54880f0 pwnables 1
1246030754 eb61eebd logger 1
1246030769 5d074b3d pwnables 1
1246030769 2f509be5 pwnables 1
1246030781 eb61eebd pwnables 1
1246030787 d54880f0 pwnables 1
1246030795 5d074b3d logger 1
1246030811 eb61eebd logger 1
1246030815 d54880f0 logger 1
1246030829 5d074b3d pwnables 1
1246030829 2f509be5 pwnables 1
1246030842 eb61eebd pwnables 1
1246030843 d54880f0 logger 1
1246030859 5d074b3d logger 1
1246030864 d54880f0 pwnables 1
1246030871 eb61eebd logger 1
1246030889 5d074b3d pwnables 1
1246030890 2f509be5 pwnables 1
1246030901 eb61eebd pwnables 1
1246030904 d54880f0 logger 1
1246030905 d54880f0 pwnables 1
1246030924 5d074b3d logger 1
1246030928 eb61eebd logger 1
1246030949 5d074b3d pwnables 1
1246030950 2f509be5 pwnables 1
1246030981 d54880f0 pwnables 1
1246030984 d54880f0 logger 1
1246030987 eb61eebd logger 1
1246030989 5d074b3d logger 1
1246031009 5d074b3d pwnables 1
1246031010 2f509be5 pwnables 1
1246031022 d54880f0 pwnables 1
1246031034 d54880f0 logger 1
1246031035 eb61eebd pwnables 1
1246031049 eb61eebd logger 1
1246031054 5d074b3d logger 1
1246031069 5d074b3d pwnables 1
1246031070 2f509be5 pwnables 1
1246031079 eb61eebd pwnables 1
1246031099 d54880f0 pwnables 1
1246031106 eb61eebd logger 1
1246031111 eb61eebd pwnables 1
1246031120 5d074b3d logger 1
1246031121 d54880f0 logger 1
1246031129 5d074b3d pwnables 1
1246031130 2f509be5 pwnables 1
1246031141 d54880f0 pwnables 1
1246031144 d54880f0 logger 1
1246031164 eb61eebd pwnables 1
1246031170 eb61eebd logger 1
1246031185 5d074b3d logger 1
1246031186 eb61eebd pwnables 1
1246031189 5d074b3d pwnables 1
1246031190 2f509be5 pwnables 1
1246031200 eb61eebd pwnables 1
1246031217 d54880f0 pwnables 1
1246031227 eb61eebd logger 1
1246031235 d54880f0 logger 1
1246031249 5d074b3d pwnables 1
1246031250 2f509be5 pwnables 1
1246031251 5d074b3d logger 1
1246031251 5d074b3d logger 1
1246031258 d54880f0 pwnables 1
1246031259 eb61eebd pwnables 1
1246031274 d54880f0 logger 1
1246031277 eb61eebd pwnables 1
1246031290 eb61eebd logger 1
1246031309 5d074b3d pwnables 1
1246031310 2f509be5 pwnables 1
1246031318 5d074b3d logger 1
1246031318 eb61eebd pwnables 1
1246031330 d54880f0 logger 1
1246031334 d54880f0 pwnables 1
1246031341 eb61eebd pwnables 1
1246031346 eb61eebd logger 1
1246031369 5d074b3d pwnables 1
1246031370 2f509be5 pwnables 1
1246031377 eb61eebd pwnables 1
1246031383 5d074b3d logger 1
1246031392 eb61eebd pwnables 1
1246031408 eb61eebd logger 1
1246031410 d54880f0 pwnables 1
1246031427 d54880f0 logger 1
1246031429 5d074b3d pwnables 1
1246031431 2f509be5 pwnables 1
1246031436 eb61eebd pwnables 1
1246031448 5d074b3d logger 1
1246031451 d54880f0 pwnables 1
1246031466 eb61eebd logger 1
1246031489 5d074b3d pwnables 1
1246031490 d54880f0 logger 1
1246031491 2f509be5 pwnables 1
1246031495 eb61eebd pwnables 1
1246031513 5d074b3d logger 1
1246031527 eb61eebd logger 1
1246031527 d54880f0 pwnables 1
1246031529 d54880f0 logger 1
1246031549 5d074b3d pwnables 1
1246031551 2f509be5 pwnables 1
1246031553 eb61eebd pwnables 1
1246031568 d54880f0 pwnables 1
1246031577 5d074b3d logger 1
1246031586 eb61eebd logger 1
1246031609 5d074b3d pwnables 1
1246031611 2f509be5 pwnables 1
1246031612 eb61eebd pwnables 1
1246031622 d54880f0 logger 1
1246031633 d54880f0 logger 1
1246031644 d54880f0 pwnables 1
1246031647 eb61eebd logger 1
1246031669 5d074b3d pwnables 1
1246031671 2f509be5 pwnables 1
1246031684 d54880f0 logger 1
1246031686 d54880f0 pwnables 1
1246031686 eb61eebd pwnables 1
1246031707 eb61eebd logger 1
1246031729 5d074b3d pwnables 1
1246031731 2f509be5 pwnables 1
1246031745 eb61eebd pwnables 1
1246031749 d54880f0 logger 1
1246031762 d54880f0 pwnables 1
1246031767 eb61eebd logger 1
1246031789 5d074b3d pwnables 1
1246031791 2f509be5 pwnables 1
1246031803 d54880f0 pwnables 1
1246031804 eb61eebd pwnables 1
1246031811 d54880f0 logger 1
1246031828 eb61eebd logger 1
1246031849 5d074b3d pwnables 1
1246031851 2f509be5 pwnables 1
1246031863 eb61eebd pwnables 1
1246031879 d54880f0 pwnables 1
1246031886 eb61eebd logger 1
1246031909 d54880f0 logger 1
1246031909 5d074b3d pwnables 1
1246031911 2f509be5 pwnables 1
1246031920 d54880f0 pwnables 1
1246031921 eb61eebd pwnables 1
1246031948 eb61eebd logger 1
1246031969 5d074b3d pwnables 1
1246031972 2f509be5 pwnables 1
1246031980 eb61eebd pwnables 1
1246031996 d54880f0 pwnables 1
1246032006 eb61eebd logger 1
1246032025 2f509be5 netre 400
1246032029 5d074b3d pwnables 1
1246032032 2f509be5 pwnables 1
1246032039 eb61eebd pwnables 1
1246032059 eb61eebd pwnables 1
1246032070 eb61eebd logger 1
1246032072 d54880f0 pwnables 1
1246032089 5d074b3d pwnables 1
1246032092 2f509be5 pwnables 1
1246032098 eb61eebd pwnables 1
1246032113 d54880f0 pwnables 1
1246032127 eb61eebd logger 1
1246032149 5d074b3d pwnables 1
1246032152 2f509be5 pwnables 1
1246032188 d54880f0 pwnables 1
1246032191 eb61eebd logger 1
1246032197 eb61eebd pwnables 1
1246032209 5d074b3d pwnables 1
1246032212 2f509be5 pwnables 1
1246032229 d54880f0 pwnables 1
1246032233 eb61eebd pwnables 1
1246032246 eb61eebd logger 1
1246032269 5d074b3d pwnables 1
1246032272 2f509be5 pwnables 1
1246032277 eb61eebd pwnables 1
1246032305 d54880f0 pwnables 1
1246032311 eb61eebd logger 1
1246032318 d54880f0 logger 1
1246032329 5d074b3d pwnables 1
1246032332 2f509be5 pwnables 1
1246032335 eb61eebd pwnables 1
1246032346 d54880f0 pwnables 1
1246032366 eb61eebd logger 1
1246032370 d54880f0 logger 1
1246032389 5d074b3d pwnables 1
1246032392 2f509be5 pwnables 1
1246032394 eb61eebd pwnables 1
1246032409 d54880f0 logger 1
1246032422 d54880f0 pwnables 1
1246032426 eb61eebd logger 1
1246032450 5d074b3d pwnables 1
1246032452 2f509be5 pwnables 1
1246032463 d54880f0 pwnables 1
1246032467 eb61eebd pwnables 1
1246032482 d54880f0 logger 1
1246032489 eb61eebd logger 1
1246032504 eb61eebd pwnables 1
1246032510 5d074b3d pwnables 1
1246032513 2f509be5 pwnables 1
1246032526 eb61eebd pwnables 1
1246032529 eb61eebd pwnables 1
1246032537 d54880f0 logger 1
1246032543 d54880f0 pwnables 1
1246032559 eb61eebd logger 1
1246032570 5d074b3d pwnables 1
1246032573 2f509be5 pwnables 1
1246032584 d54880f0 pwnables 1
1246032584 eb61eebd pwnables 1
1246032594 eb61eebd pwnables 1
1246032599 d54880f0 logger 1
1246032607 eb61eebd logger 1
1246032633 2f509be5 pwnables 1
1246032643 eb61eebd pwnables 1
1246032644 eb61eebd pwnables 1
1246032660 d54880f0 pwnables 1
1246032668 eb61eebd logger 1
1246032679 d54880f0 logger 1
1246032728 eb61eebd logger 1
1246032741 d54880f0 logger 1
1246032775 eb61eebd pwnables 1
1246032787 eb61eebd logger 1
1246032801 d54880f0 logger 1
1246032832 eb61eebd pwnables 1
1246032849 eb61eebd logger 1
1246032896 d54880f0 logger 1
1246032906 eb61eebd logger 1
1246032911 d54880f0 pwnables 1
1246032952 d54880f0 pwnables 1
1246032966 d54880f0 logger 1
1246032977 eb61eebd logger 1
1246033027 eb61eebd logger 1
1246033028 d54880f0 pwnables 1
1246033051 d54880f0 logger 1
1246033069 d54880f0 pwnables 1
1246033087 eb61eebd logger 1
1246033103 d54880f0 logger 1
1246033145 d54880f0 pwnables 1
1246033150 eb61eebd logger 1
1246033155 d54880f0 logger 1
1246033186 d54880f0 pwnables 1
1246033191 d54880f0 logger 1
1246033208 eb61eebd logger 1
1246033262 d54880f0 pwnables 1
1246033266 eb61eebd logger 1
1246033280 d54880f0 logger 1
1246033303 d54880f0 pwnables 1
1246033326 d54880f0 logger 1
1246033330 eb61eebd logger 1
1246033377 d54880f0 logger 1
1246033379 d54880f0 pwnables 1
1246033386 eb61eebd logger 1
1246033419 d54880f0 pwnables 1
1246033449 eb61eebd logger 1
1246033475 d54880f0 logger 1
1246033487 d54880f0 logger 1
1246033498 d54880f0 pwnables 1
1246033509 eb61eebd logger 1
1246033572 eb61eebd logger 1
1246033574 d54880f0 pwnables 1
1246033582 d54880f0 logger 1
1246033606 d54880f0 logger 1
1246033615 d54880f0 pwnables 1
1246033629 eb61eebd logger 1
1246033687 eb61eebd logger 1
1246033691 d54880f0 pwnables 1
1246033731 d54880f0 pwnables 1
1246033747 eb61eebd logger 1
1246033806 eb61eebd logger 1
1246033813 d54880f0 pwnables 1
1246033853 d54880f0 pwnables 1
1246033866 eb61eebd logger 1
1246033929 d54880f0 pwnables 1
1246033933 eb61eebd logger 1
1246033970 d54880f0 pwnables 1
1246033988 eb61eebd logger 1
1246034046 d54880f0 pwnables 1
1246034047 eb61eebd logger 1
1246034086 d54880f0 pwnables 1
1246034106 eb61eebd logger 1
1246034162 d54880f0 pwnables 1
1246034169 eb61eebd logger 1
1246034203 d54880f0 pwnables 1
1246034227 eb61eebd logger 1
1246034279 d54880f0 pwnables 1
1246034288 eb61eebd logger 1
1246034346 eb61eebd logger 1
1246034355 d54880f0 pwnables 1
1246034396 d54880f0 pwnables 1
1246034409 eb61eebd logger 1
1246034467 eb61eebd logger 1
1246034472 d54880f0 pwnables 1
1246034512 d54880f0 pwnables 1
1246034529 eb61eebd logger 1
1246034588 d54880f0 pwnables 1
1246034590 eb61eebd logger 1
1246034629 d54880f0 pwnables 1
1246034651 eb61eebd logger 1
1246034704 d54880f0 pwnables 1
1246034706 eb61eebd logger 1
1246034745 d54880f0 pwnables 1
1246034768 eb61eebd logger 1
1246034821 d54880f0 pwnables 1
1246034828 eb61eebd logger 1
1246034862 d54880f0 pwnables 1
1246034893 eb61eebd logger 1
1246034938 d54880f0 pwnables 1
1246034955 eb61eebd logger 1
1246035007 eb61eebd logger 1
1246035014 d54880f0 pwnables 1
1246035055 d54880f0 pwnables 1
1246035066 eb61eebd logger 1
1246035126 eb61eebd logger 1
1246035186 eb61eebd logger 1
1246035246 eb61eebd logger 1
1246035307 eb61eebd logger 1
1246035366 eb61eebd logger 1
1246035427 eb61eebd logger 1
1246035489 eb61eebd logger 1
1246035546 eb61eebd logger 1
1246035610 eb61eebd logger 1
1246035669 eb61eebd logger 1
1246035726 eb61eebd logger 1
1246035788 eb61eebd logger 1
