1320524701 aa1a8e10 net-re 1
1320525180 aa1a8e10 js 1
1320525321 ad7a9048 js 1
1320525335 aa1a8e10 net-re 2
1320525446 aa1a8e10 js 2
1320525490 aa1a8e10 js 3
1320525537 ad7a9048 js 2
1320525546 aa1a8e10 js 5
1320525657 ad7a9048 js 3
1320526047 ad7a9048 js 5
1320526169 1229c701 net-re 1
1320526225 1229c701 net-re 2
1320526376 1229c701 mint 10
1320526417 1229c701 mint 20
1320526460 aa1a8e10 mint 10
1320526482 6a7efde7 mint 10
1320526562 6a7efde7 mint 20
1320526608 aa1a8e10 gore 2
1320526625 1229c701 js 1
1320526637 6a7efde7 mint 30
1320526683 6a7efde7 mint 40
1320526703 6a7efde7 net-re 1
1320526733 ad7a9048 net-re 1
1320526860 ad7a9048 net-re 2
1320526929 aa1a8e10 mint 20
1320527010 6a7efde7 mint 50
1320527010 1229c701 mint 40
1320527041 aa1a8e10 mint 30
1320527060 aa1a8e10 mint 40
1320527132 1229c701 mint 60
1320527160 aa1a8e10 mint 50
1320527193 6a7efde7 js 1
1320527230 ad7a9048 mint 10
1320527247 ad7a9048 mint 20
1320527334 ad7a9048 mint 40
1320527467 ad7a9048 mint 50
1320527648 1229c701 mint 30
1320527845 1229c701 mint 50
1320528407 1229c701 gore 2
1320528538 6a7efde7 gore 3
1320529632 6a7efde7 gore 2
1320530045 6a7efde7 js 2
1320530179 ad7a9048 net 1
1320530496 6a7efde7 shoe 5
1320530610 aa1a8e10 shoe 7
1320530622 6a7efde7 shoe 7
1320531075 aa1a8e10 shoe 8
1320531094 6a7efde7 shoe 8
1320531327 6a7efde7 js 5
1320531675 aa1a8e10 js 30
1320531706 6a7efde7 js 3
1320531762 1229c701 js 2
1320532130 1229c701 js 3
1320532954 ad7a9048 shoe 7
1320532961 ad7a9048 radio 5
1320534265 ad7a9048 net-re 1200
1320534307 aa1a8e10 radio 50
1320534317 aa1a8e10 radio 40
1320534324 aa1a8e10 radio 5
1320534334 aa1a8e10 radio 50
1320534350 aa1a8e10 radio 5
1320534358 aa1a8e10 radio 10
1320534366 aa1a8e10 radio 10
1320534374 aa1a8e10 radio 50
1320534381 aa1a8e10 radio 10
1320534387 aa1a8e10 radio 60
1320534440 1229c701 js 5
1320534467 6a7efde7 net-re 2
1320534671 aa1a8e10 net-re 1200
1320534721 9d429ab8 mint 10
1320534760 9d429ab8 mint 20
1320534989 aa1a8e10 gore 5
1320535102 9d429ab8 mint 40
1320535166 ad7a9048 radio 10
1320535302 1229c701 net-re 20
1320535321 1229c701 net-re 30
1320535338 1229c701 net-re 300
1320535618 1229c701 net-re 10
1320536253 aa1a8e10 gore 7
1320536496 6a7efde7 net-re 250
1320536555 9d429ab8 mint 30
1320536996 6a7efde7 net-re 200
1320537049 6a7efde7 net-re 100
1320537944 1229c701 js 30
1320537963 6a7efde7 js 30
1320538144 1229c701 rope 10
1320538219 6a7efde7 shoe 10
1320538497 1229c701 net-re 300
1320538685 1229c701 shoe 7
1320539025 6a7efde7 gore 7
1320539395 1229c701 shoe 8
1320539440 ad7a9048 shoe 8
1320539877 6a7efde7 gore 5
1320540068 6a7efde7 net 1
1320540133 ad7a9048 gore 7
1320540347 6a7efde7 net-re 10
1320540406 1229c701 gore 3
1320540557 ad7a9048 radio 5
1320540688 6a7efde7 gore 10
1320541073 ad7a9048 radio 10
1320541452 1229c701 rope 20
1320541543 6a7efde7 net-re 6
1320541658 1229c701 gore 5
1320541683 1229c701 shoe 12
1320541776 aa1a8e10 gore 15
1320541958 1229c701 rope 200
1320542579 6a7efde7 net 1
1320542855 6a7efde7 net-re 7
1320542871 1229c701 gore 6
1320542976 ad7a9048 radio 60
1320543243 1229c701 gore 7
1320543355 6a7efde7 shoe 12
1320543620 6a7efde7 rope 200
1320544335 aa1a8e10 net-re 100
1320544499 1229c701 radio 5
1320544684 aa1a8e10 net-re 200
1320545007 aa1a8e10 net-re 250
1320545393 aa1a8e10 net 1
1320546446 1229c701 shoe 5
1320546483 aa1a8e10 net 1
1320546607 ad7a9048 radio 800
1320546653 ad7a9048 radio 500
1320546866 6a7efde7 radio 50
1320546876 6a7efde7 radio 40
1320546888 6a7efde7 radio 5
1320546898 6a7efde7 radio 50
1320546906 6a7efde7 radio 5
1320546916 6a7efde7 radio 10
1320546926 6a7efde7 radio 10
1320546938 6a7efde7 radio 50
1320546947 6a7efde7 radio 10
1320546954 6a7efde7 radio 60
1320547137 ad7a9048 radio 50
1320547157 ad7a9048 radio 40
1320547174 ad7a9048 radio 50
1320547189 ad7a9048 radio 10
1320547200 ad7a9048 net 1
1320547203 ad7a9048 radio 50
1320547447 1229c701 radio 40
1320547476 1229c701 radio 50
1320547484 1229c701 radio 50
1320547494 1229c701 radio 5
1320547500 ad7a9048 rope 10
1320547503 1229c701 radio 10
1320547511 1229c701 radio 10
1320547520 1229c701 radio 50
1320547529 1229c701 radio 10
1320547539 1229c701 radio 60
1320547626 ad7a9048 rope 20
1320547972 6a7efde7 net-re 4
1320548013 ad7a9048 shoe 12
1320548198 ad7a9048 net-re 250
1320548351 ad7a9048 net-re 200
1320548756 ad7a9048 net-re 100
1320549681 ad7a9048 gore 3
1320549756 6a7efde7 net 1
1320550321 1229c701 gore 15
1320550646 ad7a9048 net 1
1320550833 ad7a9048 gore 5
1320551177 ad7a9048 gore 6
1247351132 aa1a8e10 net-re 4000
1247351221 aa1a8e10 net-re 800
1247351273 aa1a8e10 net-re 400
1247351365 aa1a8e10 net-re 300
1247351502 aa1a8e10 rope 20
1320600079 aa1a8e10 rope 200
1320600369 aa1a8e10 mint 60
1320601202 6a7efde7 net-re 20
1320601268 6a7efde7 gore 15
1320601315 ad7a9048 rope 200
1320602619 6a7efde7 gore 13
1320602837 6a7efde7 net-re 30
1320603872 aa1a8e10 radio 1300
1320603977 ad7a9048 net 1
1320604615 aa1a8e10 gore 6
1320605990 aa1a8e10 net-re 3000
1320606025 ad7a9048 net 1
1320606581 6a7efde7 net-re 300
1320606636 6a7efde7 gore 16
1320609807 1229c701 mint 70
1320609846 6a7efde7 net-re 2000
1320610940 ad7a9048 net 1
1320612429 ad7a9048 net 1
1320613157 6a7efde7 net-re 4000
1320613281 ad7a9048 net-re 800
1320613831 ad7a9048 gore 2
1320615342 1229c701 net-re 4000
1320616401 6a7efde7 net-re 3000
1320616482 ad7a9048 mint 60
1320616753 1229c701 net-re 250
1320617255 6a7efde7 gore 12
1320617766 ad7a9048 mint 30
1320617795 1229c701 net-re 400
1320617807 ad7a9048 gore 15
1320618011 6a7efde7 net 1
1320618123 ad7a9048 gore 13
1320618976 1229c701 js 200
1320618980 ad7a9048 shoe 16
1320619038 ad7a9048 shoe 17
1320619100 1229c701 net-re 1200
1320619129 aa1a8e10 net 1
1320619321 ad7a9048 net-re 400
1320619489 1229c701 net-re 800
1320620219 6a7efde7 shoe 240
1320620416 ad7a9048 net-re 30
1320621289 ad7a9048 shoe 240
1320621459 aa1a8e10 net 1
1320622283 5dc84215 net-re 1
1320622337 5dc84215 js 1
1320622458 5dc84215 net-re 2
1320622459 6a7efde7 net-re 400
1320622859 5dc84215 net-re 4
1320623102 ad7a9048 net-re 20
1320623184 ad7a9048 net-re 10
1320623290 ad7a9048 net-re 6
1320623424 ad7a9048 js 30
1320623449 ad7a9048 net-re 4
1320623688 ad7a9048 net-re 300
1320623926 5dc84215 js 2
1320624011 5dc84215 js 3
1320624210 5dc84215 js 5
1320624461 ad7a9048 net-re 1000
1320624565 1229c701 net-re 3000
1320625079 5dc84215 mint 10
1320625137 1229c701 net-re 2000
1320625208 1229c701 net-re 100
1320625217 1229c701 net-re 200
1320625278 1229c701 radio 1000
1320625514 ad7a9048 net-re 3000
1320625846 5dc84215 shoe 8
1320626332 5dc84215 shoe 17
1320626709 6a7efde7 mint 80
1320626961 6a7efde7 mint 60
1320627400 5dc84215 rope 200
1327978281 1 mint 10
